# JRE version: Java(TM) SE Runtime Environment (8.0_181-b13) (build 1.8.0_181-b13)
# Java VM: Java HotSpot(TM) 64-Bit Server VM (25.181-b13 mixed mode windows-amd64 compressed oops)
Heap:
 PSYoungGen      total 176640K, used 154817K [0x00000000e0000000, 0x00000000ed700000, 0x0000000100000000)
  eden space 161280K, 95% used [0x00000000e0000000,0x00000000e97307c0,0x00000000e9d80000)
  from space 15360K, 0% used [0x00000000eb000000,0x00000000eb000000,0x00000000ebf00000)
  to   space 18944K, 0% used [0x00000000e9d80000,0x00000000e9d80000,0x00000000eb000000)
 ParOldGen       total 168960K, used 39618K [0x00000000a0000000, 0x00000000aa500000, 0x00000000e0000000)
  object space 168960K, 23% used [0x00000000a0000000,0x00000000a26b09c0,0x00000000aa500000)
 Metaspace       used 66173K, capacity 68640K, committed 68864K, reserved 1107968K
  class space    used 9091K, capacity 9717K, committed 9728K, reserved 1048576K
GC Heap History (10 events):
Event: 9.933 GC heap before
{Heap before GC invocations=11 (full 2):
 PSYoungGen      total 119296K, used 5536K [0x00000000e0000000, 0x00000000eaa00000, 0x0000000100000000)
  eden space 106496K, 0% used [0x00000000e0000000,0x00000000e0000000,0x00000000e6800000)
  from space 12800K, 43% used [0x00000000e6800000,0x00000000e6d68248,0x00000000e7480000)
  to   space 12288K, 0% used [0x00000000e9e00000,0x00000000e9e00000,0x00000000eaa00000)
 ParOldGen       total 69120K, used 12482K [0x00000000a0000000, 0x00000000a4380000, 0x00000000e0000000)
  object space 69120K, 18% used [0x00000000a0000000,0x00000000a0c30a80,0x00000000a4380000)
 Metaspace       used 34581K, capacity 35424K, committed 35496K, reserved 1079296K
  class space    used 4834K, capacity 5103K, committed 5120K, reserved 1048576K
Event: 10.119 GC heap after
Heap after GC invocations=11 (full 2):
 PSYoungGen      total 119296K, used 0K [0x00000000e0000000, 0x00000000eaa00000, 0x0000000100000000)
  eden space 106496K, 0% used [0x00000000e0000000,0x00000000e0000000,0x00000000e6800000)
  from space 12800K, 0% used [0x00000000e6800000,0x00000000e6800000,0x00000000e7480000)
  to   space 12288K, 0% used [0x00000000e9e00000,0x00000000e9e00000,0x00000000eaa00000)
 ParOldGen       total 107008K, used 15398K [0x00000000a0000000, 0x00000000a6880000, 0x00000000e0000000)
  object space 107008K, 14% used [0x00000000a0000000,0x00000000a0f09a40,0x00000000a6880000)
 Metaspace       used 34577K, capacity 35412K, committed 35496K, reserved 1079296K
  class space    used 4833K, capacity 5101K, committed 5120K, reserved 1048576K
}
Event: 12.162 GC heap before
{Heap before GC invocations=12 (full 2):
 PSYoungGen      total 119296K, used 106496K [0x00000000e0000000, 0x00000000eaa00000, 0x0000000100000000)
  eden space 106496K, 100% used [0x00000000e0000000,0x00000000e6800000,0x00000000e6800000)
  from space 12800K, 0% used [0x00000000e6800000,0x00000000e6800000,0x00000000e7480000)
  to   space 12288K, 0% used [0x00000000e9e00000,0x00000000e9e00000,0x00000000eaa00000)
 ParOldGen       total 107008K, used 15398K [0x00000000a0000000, 0x00000000a6880000, 0x00000000e0000000)
  object space 107008K, 14% used [0x00000000a0000000,0x00000000a0f09a40,0x00000000a6880000)
 Metaspace       used 44705K, capacity 45698K, committed 45824K, reserved 1089536K
  class space    used 6109K, capacity 6373K, committed 6400K, reserved 1048576K
Event: 12.183 GC heap after
Heap after GC invocations=12 (full 2):
 PSYoungGen      total 144896K, used 12261K [0x00000000e0000000, 0x00000000eaa00000, 0x0000000100000000)
  eden space 132608K, 0% used [0x00000000e0000000,0x00000000e0000000,0x00000000e8180000)
  from space 12288K, 99% used [0x00000000e9e00000,0x00000000ea9f9770,0x00000000eaa00000)
  to   space 14336K, 0% used [0x00000000e8e00000,0x00000000e8e00000,0x00000000e9c00000)
 ParOldGen       total 107008K, used 16150K [0x00000000a0000000, 0x00000000a6880000, 0x00000000e0000000)
  object space 107008K, 15% used [0x00000000a0000000,0x00000000a0fc5b28,0x00000000a6880000)
 Metaspace       used 44705K, capacity 45698K, committed 45824K, reserved 1089536K
  class space    used 6109K, capacity 6373K, committed 6400K, reserved 1048576K
}
Event: 14.016 GC heap before
{Heap before GC invocations=13 (full 2):
 PSYoungGen      total 144896K, used 144869K [0x00000000e0000000, 0x00000000eaa00000, 0x0000000100000000)
  eden space 132608K, 100% used [0x00000000e0000000,0x00000000e8180000,0x00000000e8180000)
  from space 12288K, 99% used [0x00000000e9e00000,0x00000000ea9f9770,0x00000000eaa00000)
  to   space 14336K, 0% used [0x00000000e8e00000,0x00000000e8e00000,0x00000000e9c00000)
 ParOldGen       total 107008K, used 16150K [0x00000000a0000000, 0x00000000a6880000, 0x00000000e0000000)
  object space 107008K, 15% used [0x00000000a0000000,0x00000000a0fc5b28,0x00000000a6880000)
 Metaspace       used 51189K, capacity 52636K, committed 52864K, reserved 1095680K
  class space    used 7068K, capacity 7502K, committed 7552K, reserved 1048576K
Event: 14.046 GC heap after
Heap after GC invocations=13 (full 2):
 PSYoungGen      total 159744K, used 12622K [0x00000000e0000000, 0x00000000ebf00000, 0x0000000100000000)
  eden space 145408K, 0% used [0x00000000e0000000,0x00000000e0000000,0x00000000e8e00000)
  from space 14336K, 88% used [0x00000000e8e00000,0x00000000e9a53888,0x00000000e9c00000)
  to   space 15360K, 0% used [0x00000000eb000000,0x00000000eb000000,0x00000000ebf00000)
 ParOldGen       total 107008K, used 21858K [0x00000000a0000000, 0x00000000a6880000, 0x00000000e0000000)
  object space 107008K, 20% used [0x00000000a0000000,0x00000000a1558b50,0x00000000a6880000)
 Metaspace       used 51189K, capacity 52636K, committed 52864K, reserved 1095680K
  class space    used 7068K, capacity 7502K, committed 7552K, reserved 1048576K
}
Event: 15.861 GC heap before
{Heap before GC invocations=14 (full 2):
 PSYoungGen      total 159744K, used 138090K [0x00000000e0000000, 0x00000000ebf00000, 0x0000000100000000)
  eden space 145408K, 86% used [0x00000000e0000000,0x00000000e7a870c0,0x00000000e8e00000)
  from space 14336K, 88% used [0x00000000e8e00000,0x00000000e9a53888,0x00000000e9c00000)
  to   space 15360K, 0% used [0x00000000eb000000,0x00000000eb000000,0x00000000ebf00000)
 ParOldGen       total 107008K, used 21858K [0x00000000a0000000, 0x00000000a6880000, 0x00000000e0000000)
  object space 107008K, 20% used [0x00000000a0000000,0x00000000a1558b50,0x00000000a6880000)
 Metaspace       used 57274K, capacity 59044K, committed 59160K, reserved 1099776K
  class space    used 7986K, capacity 8488K, committed 8576K, reserved 1048576K
Event: 15.901 GC heap after
Heap after GC invocations=14 (full 2):
 PSYoungGen      total 176640K, used 15338K [0x00000000e0000000, 0x00000000ed700000, 0x0000000100000000)
  eden space 161280K, 0% used [0x00000000e0000000,0x00000000e0000000,0x00000000e9d80000)
  from space 15360K, 99% used [0x00000000eb000000,0x00000000ebefa8f0,0x00000000ebf00000)
  to   space 18944K, 0% used [0x00000000e9d80000,0x00000000e9d80000,0x00000000eb000000)
 ParOldGen       total 107008K, used 26562K [0x00000000a0000000, 0x00000000a6880000, 0x00000000e0000000)
  object space 107008K, 24% used [0x00000000a0000000,0x00000000a19f0940,0x00000000a6880000)
 Metaspace       used 57274K, capacity 59044K, committed 59160K, reserved 1099776K
  class space    used 7986K, capacity 8488K, committed 8576K, reserved 1048576K
}
Event: 15.901 GC heap before
{Heap before GC invocations=15 (full 3):
 PSYoungGen      total 176640K, used 15338K [0x00000000e0000000, 0x00000000ed700000, 0x0000000100000000)
  eden space 161280K, 0% used [0x00000000e0000000,0x00000000e0000000,0x00000000e9d80000)
  from space 15360K, 99% used [0x00000000eb000000,0x00000000ebefa8f0,0x00000000ebf00000)
  to   space 18944K, 0% used [0x00000000e9d80000,0x00000000e9d80000,0x00000000eb000000)
 ParOldGen       total 107008K, used 26562K [0x00000000a0000000, 0x00000000a6880000, 0x00000000e0000000)
  object space 107008K, 24% used [0x00000000a0000000,0x00000000a19f0940,0x00000000a6880000)
 Metaspace       used 57274K, capacity 59044K, committed 59160K, reserved 1099776K
  class space    used 7986K, capacity 8488K, committed 8576K, reserved 1048576K
Event: 16.246 GC heap after
Heap after GC invocations=15 (full 3):
 PSYoungGen      total 176640K, used 0K [0x00000000e0000000, 0x00000000ed700000, 0x0000000100000000)
  eden space 161280K, 0% used [0x00000000e0000000,0x00000000e0000000,0x00000000e9d80000)
  from space 15360K, 0% used [0x00000000eb000000,0x00000000eb000000,0x00000000ebf00000)
  to   space 18944K, 0% used [0x00000000e9d80000,0x00000000e9d80000,0x00000000eb000000)
 ParOldGen       total 168960K, used 39618K [0x00000000a0000000, 0x00000000aa500000, 0x00000000e0000000)
  object space 168960K, 23% used [0x00000000a0000000,0x00000000a26b09c0,0x00000000aa500000)
 Metaspace       used 57274K, capacity 59044K, committed 59160K, reserved 1099776K
  class space    used 7986K, capacity 8488K, committed 8576K, reserved 1048576K
}

